{"/Users/shashkiranr/GoogleServer/cyphlens-nodejs-sdk/src/apiClient.ts": {"path":"/Users/shashkiranr/GoogleServer/cyphlens-nodejs-sdk/src/apiClient.ts","statementMap":{"0":{"start":{"line":1,"column":0},"end":{"line":1,"column":59}},"1":{"start":{"line":2,"column":0},"end":{"line":2,"column":50}},"2":{"start":{"line":15,"column":8},"end":{"line":15,"column":36}},"3":{"start":{"line":17,"column":8},"end":{"line":17,"column":null}},"4":{"start":{"line":38,"column":8},"end":{"line":38,"column":131}},"5":{"start":{"line":39,"column":12},"end":{"line":44,"column":15}},"6":{"start":{"line":48,"column":8},"end":{"line":56,"column":null}},"7":{"start":{"line":53,"column":12},"end":{"line":53,"column":45}},"8":{"start":{"line":55,"column":12},"end":{"line":55,"column":67}},"9":{"start":{"line":61,"column":8},"end":{"line":66,"column":9}},"10":{"start":{"line":62,"column":12},"end":{"line":62,"column":56}},"11":{"start":{"line":62,"column":35},"end":{"line":62,"column":54}},"12":{"start":{"line":63,"column":12},"end":{"line":65,"column":13}},"13":{"start":{"line":64,"column":16},"end":{"line":64,"column":null}},"14":{"start":{"line":78,"column":8},"end":{"line":78,"column":27}},"15":{"start":{"line":79,"column":8},"end":{"line":81,"column":11}},"16":{"start":{"line":80,"column":12},"end":{"line":80,"column":null}},"17":{"start":{"line":5,"column":0},"end":{"line":5,"column":13}}},"fnMap":{"0":{"name":"(anonymous_0)","decl":{"start":{"line":14,"column":3},"end":{"line":14,"column":15}},"loc":{"start":{"line":14,"column":83},"end":{"line":34,"column":5}}},"1":{"name":"(anonymous_1)","decl":{"start":{"line":36,"column":12},"end":{"line":36,"column":17}},"loc":{"start":{"line":36,"column":84},"end":{"line":45,"column":5}}},"2":{"name":"(anonymous_2)","decl":{"start":{"line":47,"column":12},"end":{"line":47,"column":17}},"loc":{"start":{"line":47,"column":95},"end":{"line":57,"column":5}}},"3":{"name":"(anonymous_3)","decl":{"start":{"line":52,"column":16},"end":{"line":52,"column":21}},"loc":{"start":{"line":52,"column":24},"end":{"line":54,"column":9}}},"4":{"name":"(anonymous_4)","decl":{"start":{"line":54,"column":18},"end":{"line":54,"column":23}},"loc":{"start":{"line":54,"column":26},"end":{"line":56,"column":9}}},"5":{"name":"(anonymous_5)","decl":{"start":{"line":60,"column":12},"end":{"line":60,"column":17}},"loc":{"start":{"line":60,"column":23},"end":{"line":67,"column":5}}},"6":{"name":"(anonymous_6)","decl":{"start":{"line":62,"column":30},"end":{"line":62,"column":31}},"loc":{"start":{"line":62,"column":35},"end":{"line":62,"column":54}}},"7":{"name":"(anonymous_7)","decl":{"start":{"line":77,"column":4},"end":{"line":77,"column":9}},"loc":{"start":{"line":77,"column":52},"end":{"line":82,"column":5}}},"8":{"name":"(anonymous_8)","decl":{"start":{"line":79,"column":75},"end":{"line":79,"column":76}},"loc":{"start":{"line":79,"column":82},"end":{"line":81,"column":9}}}},"branchMap":{"0":{"loc":{"start":{"line":38,"column":22},"end":{"line":38,"column":130}},"type":"cond-expr","locations":[{"start":{"line":38,"column":67},"end":{"line":38,"column":69}},{"start":{"line":38,"column":72},"end":{"line":38,"column":130}}]},"1":{"loc":{"start":{"line":61,"column":8},"end":{"line":66,"column":9}},"type":"if","locations":[{"start":{"line":61,"column":8},"end":{"line":66,"column":9}}]},"2":{"loc":{"start":{"line":63,"column":12},"end":{"line":65,"column":13}},"type":"if","locations":[{"start":{"line":63,"column":12},"end":{"line":65,"column":13}}]}},"s":{"0":2,"1":2,"2":2,"3":2,"4":2,"5":2,"6":0,"7":0,"8":0,"9":0,"10":0,"11":0,"12":0,"13":0,"14":0,"15":0,"16":0,"17":2},"f":{"0":2,"1":2,"2":0,"3":0,"4":0,"5":0,"6":0,"7":0,"8":0},"b":{"0":[2,0],"1":[0],"2":[0]}}
,"/Users/shashkiranr/GoogleServer/cyphlens-nodejs-sdk/src/client.ts": {"path":"/Users/shashkiranr/GoogleServer/cyphlens-nodejs-sdk/src/client.ts","statementMap":{"0":{"start":{"line":1,"column":0},"end":{"line":1,"column":59}},"1":{"start":{"line":2,"column":0},"end":{"line":2,"column":61}},"2":{"start":{"line":3,"column":0},"end":{"line":3,"column":38}},"3":{"start":{"line":4,"column":0},"end":{"line":4,"column":38}},"4":{"start":{"line":5,"column":0},"end":{"line":5,"column":40}},"5":{"start":{"line":15,"column":8},"end":{"line":18,"column":10}},"6":{"start":{"line":21,"column":8},"end":{"line":24,"column":null}},"7":{"start":{"line":27,"column":8},"end":{"line":32,"column":9}},"8":{"start":{"line":28,"column":12},"end":{"line":31,"column":null}},"9":{"start":{"line":35,"column":8},"end":{"line":35,"column":null}},"10":{"start":{"line":38,"column":8},"end":{"line":38,"column":null}},"11":{"start":{"line":39,"column":8},"end":{"line":39,"column":null}},"12":{"start":{"line":7,"column":0},"end":{"line":7,"column":13}},"13":{"start":{"line":44,"column":4},"end":{"line":46,"column":5}},"14":{"start":{"line":45,"column":8},"end":{"line":45,"column":null}},"15":{"start":{"line":47,"column":4},"end":{"line":49,"column":5}},"16":{"start":{"line":48,"column":8},"end":{"line":48,"column":null}},"17":{"start":{"line":51,"column":4},"end":{"line":51,"column":null}}},"fnMap":{"0":{"name":"(anonymous_0)","decl":{"start":{"line":13,"column":4},"end":{"line":13,"column":16}},"loc":{"start":{"line":13,"column":87},"end":{"line":40,"column":5}}},"1":{"name":"getBaseUri","decl":{"start":{"line":43,"column":9},"end":{"line":43,"column":19}},"loc":{"start":{"line":43,"column":41},"end":{"line":52,"column":1}}}},"branchMap":{"0":{"loc":{"start":{"line":27,"column":8},"end":{"line":32,"column":9}},"type":"if","locations":[{"start":{"line":27,"column":8},"end":{"line":32,"column":9}}]},"1":{"loc":{"start":{"line":44,"column":4},"end":{"line":46,"column":5}},"type":"if","locations":[{"start":{"line":44,"column":4},"end":{"line":46,"column":5}}]},"2":{"loc":{"start":{"line":47,"column":4},"end":{"line":49,"column":5}},"type":"if","locations":[{"start":{"line":47,"column":4},"end":{"line":49,"column":5}}]},"3":{"loc":{"start":{"line":47,"column":8},"end":{"line":47,"column":96}},"type":"binary-expr","locations":[{"start":{"line":47,"column":8},"end":{"line":47,"column":50}},{"start":{"line":47,"column":54},"end":{"line":47,"column":96}}]}},"s":{"0":2,"1":2,"2":2,"3":2,"4":2,"5":2,"6":2,"7":2,"8":2,"9":2,"10":2,"11":2,"12":2,"13":2,"14":0,"15":2,"16":2,"17":0},"f":{"0":2,"1":2},"b":{"0":[2],"1":[0],"2":[2],"3":[2,2]}}
,"/Users/shashkiranr/GoogleServer/cyphlens-nodejs-sdk/src/configuration.ts": {"path":"/Users/shashkiranr/GoogleServer/cyphlens-nodejs-sdk/src/configuration.ts","statementMap":{"0":{"start":{"line":16,"column":0},"end":{"line":16,"column":null}},"1":{"start":{"line":17,"column":2},"end":{"line":17,"column":null}},"2":{"start":{"line":18,"column":2},"end":{"line":18,"column":null}},"3":{"start":{"line":19,"column":2},"end":{"line":19,"column":null}}},"fnMap":{"0":{"name":"(anonymous_0)","decl":{"start":{"line":16,"column":0},"end":{"line":16,"column":12}},"loc":{"start":{"line":16,"column":23},"end":{"line":20,"column":1}}}},"branchMap":{"0":{"loc":{"start":{"line":16,"column":12},"end":{"line":16,"column":null}},"type":"binary-expr","locations":[{"start":{"line":16,"column":12},"end":{"line":16,"column":23}},{"start":{"line":16,"column":23},"end":{"line":16,"column":null}}]}},"s":{"0":2,"1":2,"2":2,"3":2},"f":{"0":2},"b":{"0":[2,2]}}
,"/Users/shashkiranr/GoogleServer/cyphlens-nodejs-sdk/src/defaultConfiguration.ts": {"path":"/Users/shashkiranr/GoogleServer/cyphlens-nodejs-sdk/src/defaultConfiguration.ts","statementMap":{"0":{"start":{"line":1,"column":0},"end":{"line":1,"column":59}},"1":{"start":{"line":4,"column":13},"end":{"line":8,"column":2}}},"fnMap":{},"branchMap":{},"s":{"0":2,"1":2},"f":{},"b":{}}
,"/Users/shashkiranr/GoogleServer/cyphlens-nodejs-sdk/src/index.ts": {"path":"/Users/shashkiranr/GoogleServer/cyphlens-nodejs-sdk/src/index.ts","statementMap":{"0":{"start":{"line":1,"column":0},"end":{"line":1,"column":25}},"1":{"start":{"line":2,"column":0},"end":{"line":2,"column":32}},"2":{"start":{"line":3,"column":0},"end":{"line":3,"column":30}},"3":{"start":{"line":4,"column":0},"end":{"line":4,"column":31}}},"fnMap":{},"branchMap":{},"s":{"0":2,"1":2,"2":2,"3":2},"f":{},"b":{}}
,"/Users/shashkiranr/GoogleServer/cyphlens-nodejs-sdk/src/api/baseApi.ts": {"path":"/Users/shashkiranr/GoogleServer/cyphlens-nodejs-sdk/src/api/baseApi.ts","statementMap":{"0":{"start":{"line":7,"column":8},"end":{"line":7,"column":35}},"1":{"start":{"line":3,"column":0},"end":{"line":3,"column":13}}},"fnMap":{"0":{"name":"(anonymous_0)","decl":{"start":{"line":6,"column":4},"end":{"line":6,"column":16}},"loc":{"start":{"line":6,"column":36},"end":{"line":8,"column":5}}}},"branchMap":{},"s":{"0":4,"1":2},"f":{"0":4},"b":{}}
,"/Users/shashkiranr/GoogleServer/cyphlens-nodejs-sdk/src/api/imageApi.ts": {"path":"/Users/shashkiranr/GoogleServer/cyphlens-nodejs-sdk/src/api/imageApi.ts","statementMap":{"0":{"start":{"line":1,"column":0},"end":{"line":1,"column":34}},"1":{"start":{"line":4,"column":0},"end":{"line":4,"column":45}},"2":{"start":{"line":8,"column":41},"end":{"line":13,"column":null}},"3":{"start":{"line":14,"column":43},"end":{"line":17,"column":null}},"4":{"start":{"line":20,"column":8},"end":{"line":22,"column":9}},"5":{"start":{"line":21,"column":12},"end":{"line":21,"column":87}},"6":{"start":{"line":23,"column":29},"end":{"line":26,"column":16}},"7":{"start":{"line":29,"column":8},"end":{"line":29,"column":41}},"8":{"start":{"line":33,"column":8},"end":{"line":35,"column":9}},"9":{"start":{"line":34,"column":12},"end":{"line":34,"column":41}},"10":{"start":{"line":36,"column":29},"end":{"line":40,"column":16}},"11":{"start":{"line":42,"column":8},"end":{"line":42,"column":42}},"12":{"start":{"line":6,"column":0},"end":{"line":6,"column":13}}},"fnMap":{"0":{"name":"(anonymous_0)","decl":{"start":{"line":19,"column":4},"end":{"line":19,"column":9}},"loc":{"start":{"line":19,"column":70},"end":{"line":30,"column":5}}},"1":{"name":"(anonymous_1)","decl":{"start":{"line":32,"column":4},"end":{"line":32,"column":9}},"loc":{"start":{"line":32,"column":88},"end":{"line":43,"column":5}}}},"branchMap":{"0":{"loc":{"start":{"line":20,"column":8},"end":{"line":22,"column":9}},"type":"if","locations":[{"start":{"line":20,"column":8},"end":{"line":22,"column":9}}]},"1":{"loc":{"start":{"line":33,"column":8},"end":{"line":35,"column":9}},"type":"if","locations":[{"start":{"line":33,"column":8},"end":{"line":35,"column":9}}]}},"s":{"0":2,"1":2,"2":2,"3":2,"4":3,"5":3,"6":0,"7":0,"8":1,"9":1,"10":0,"11":0,"12":2},"f":{"0":3,"1":1},"b":{"0":[3],"1":[1]}}
,"/Users/shashkiranr/GoogleServer/cyphlens-nodejs-sdk/src/api/userApi.ts": {"path":"/Users/shashkiranr/GoogleServer/cyphlens-nodejs-sdk/src/api/userApi.ts","statementMap":{"0":{"start":{"line":1,"column":0},"end":{"line":1,"column":34}},"1":{"start":{"line":3,"column":0},"end":{"line":3,"column":45}},"2":{"start":{"line":7,"column":39},"end":{"line":12,"column":null}},"3":{"start":{"line":15,"column":8},"end":{"line":30,"column":9}},"4":{"start":{"line":16,"column":39},"end":{"line":27,"column":16}},"5":{"start":{"line":17,"column":16},"end":{"line":26,"column":17}},"6":{"start":{"line":19,"column":24},"end":{"line":19,"column":40}},"7":{"start":{"line":21,"column":24},"end":{"line":21,"column":41}},"8":{"start":{"line":24,"column":24},"end":{"line":24,"column":42}},"9":{"start":{"line":29,"column":12},"end":{"line":29,"column":null}},"10":{"start":{"line":31,"column":29},"end":{"line":31,"column":89}},"11":{"start":{"line":33,"column":8},"end":{"line":33,"column":null}},"12":{"start":{"line":37,"column":8},"end":{"line":37,"column":null}},"13":{"start":{"line":41,"column":8},"end":{"line":41,"column":null}},"14":{"start":{"line":45,"column":8},"end":{"line":45,"column":null}},"15":{"start":{"line":5,"column":0},"end":{"line":5,"column":13}}},"fnMap":{"0":{"name":"(anonymous_0)","decl":{"start":{"line":14,"column":12},"end":{"line":14,"column":17}},"loc":{"start":{"line":14,"column":77},"end":{"line":34,"column":5}}},"1":{"name":"(anonymous_1)","decl":{"start":{"line":16,"column":40},"end":{"line":16,"column":null}},"loc":{"start":{"line":16,"column":40},"end":{"line":27,"column":13}}},"2":{"name":"(anonymous_2)","decl":{"start":{"line":36,"column":4},"end":{"line":36,"column":9}},"loc":{"start":{"line":36,"column":45},"end":{"line":38,"column":5}}},"3":{"name":"(anonymous_3)","decl":{"start":{"line":40,"column":4},"end":{"line":40,"column":9}},"loc":{"start":{"line":40,"column":48},"end":{"line":42,"column":5}}},"4":{"name":"(anonymous_4)","decl":{"start":{"line":44,"column":4},"end":{"line":44,"column":9}},"loc":{"start":{"line":44,"column":48},"end":{"line":46,"column":5}}}},"branchMap":{"0":{"loc":{"start":{"line":15,"column":8},"end":{"line":30,"column":9}},"type":"if","locations":[{"start":{"line":15,"column":8},"end":{"line":30,"column":9}}]},"1":{"loc":{"start":{"line":17,"column":16},"end":{"line":26,"column":17}},"type":"switch","locations":[{"start":{"line":18,"column":20},"end":{"line":19,"column":40}},{"start":{"line":20,"column":20},"end":{"line":21,"column":41}},{"start":{"line":22,"column":20},"end":{"line":22,"column":34}},{"start":{"line":23,"column":20},"end":{"line":24,"column":42}}]}},"s":{"0":2,"1":2,"2":2,"3":3,"4":3,"5":3,"6":1,"7":1,"8":1,"9":3,"10":0,"11":0,"12":1,"13":1,"14":1,"15":2},"f":{"0":3,"1":3,"2":1,"3":1,"4":1},"b":{"0":[3],"1":[1,1,1,1]}}
,"/Users/shashkiranr/GoogleServer/cyphlens-nodejs-sdk/test/testClient.ts": {"path":"/Users/shashkiranr/GoogleServer/cyphlens-nodejs-sdk/test/testClient.ts","statementMap":{"0":{"start":{"line":1,"column":0},"end":{"line":1,"column":58}},"1":{"start":{"line":3,"column":57},"end":{"line":6,"column":2}},"2":{"start":{"line":9,"column":13},"end":{"line":14,"column":5}},"3":{"start":{"line":10,"column":21},"end":{"line":10,"column":48}},"4":{"start":{"line":11,"column":25},"end":{"line":11,"column":56}},"5":{"start":{"line":13,"column":4},"end":{"line":13,"column":87}}},"fnMap":{"0":{"name":"(anonymous_0)","decl":{"start":{"line":9,"column":35},"end":{"line":9,"column":45}},"loc":{"start":{"line":9,"column":75},"end":{"line":14,"column":1}}}},"branchMap":{"0":{"loc":{"start":{"line":10,"column":21},"end":{"line":10,"column":48}},"type":"binary-expr","locations":[{"start":{"line":10,"column":21},"end":{"line":10,"column":42}},{"start":{"line":10,"column":46},"end":{"line":10,"column":48}}]},"1":{"loc":{"start":{"line":11,"column":25},"end":{"line":11,"column":56}},"type":"binary-expr","locations":[{"start":{"line":11,"column":25},"end":{"line":11,"column":50}},{"start":{"line":11,"column":54},"end":{"line":11,"column":56}}]}},"s":{"0":2,"1":2,"2":2,"3":2,"4":2,"5":2},"f":{"0":2},"b":{"0":[2,2],"1":[2,2]}}
}
