TN:
SF:src/apiClient.ts
FN:14,(anonymous_0)
FN:36,(anonymous_1)
FN:47,(anonymous_2)
FN:52,(anonymous_3)
FN:54,(anonymous_4)
FN:60,(anonymous_5)
FN:62,(anonymous_6)
FN:77,(anonymous_7)
FN:79,(anonymous_8)
FNF:9
FNH:2
FNDA:2,(anonymous_0)
FNDA:2,(anonymous_1)
FNDA:0,(anonymous_2)
FNDA:0,(anonymous_3)
FNDA:0,(anonymous_4)
FNDA:0,(anonymous_5)
FNDA:0,(anonymous_6)
FNDA:0,(anonymous_7)
FNDA:0,(anonymous_8)
DA:1,2
DA:2,2
DA:5,2
DA:15,2
DA:17,2
DA:38,2
DA:39,2
DA:48,0
DA:53,0
DA:55,0
DA:61,0
DA:62,0
DA:63,0
DA:64,0
DA:78,0
DA:79,0
DA:80,0
LF:17
LH:7
BRDA:38,0,0,2
BRDA:38,0,1,0
BRDA:61,1,0,0
BRDA:63,2,0,0
BRF:4
BRH:1
end_of_record
TN:
SF:src/client.ts
FN:13,(anonymous_0)
FN:43,getBaseUri
FNF:2
FNH:2
FNDA:2,(anonymous_0)
FNDA:2,getBaseUri
DA:1,2
DA:2,2
DA:3,2
DA:4,2
DA:5,2
DA:7,2
DA:15,2
DA:21,2
DA:27,2
DA:28,2
DA:35,2
DA:38,2
DA:39,2
DA:44,2
DA:45,0
DA:47,2
DA:48,2
DA:51,0
LF:18
LH:16
BRDA:27,0,0,2
BRDA:44,1,0,0
BRDA:47,2,0,2
BRDA:47,3,0,2
BRDA:47,3,1,2
BRF:5
BRH:4
end_of_record
TN:
SF:src/configuration.ts
FN:16,(anonymous_0)
FNF:1
FNH:1
FNDA:2,(anonymous_0)
DA:16,2
DA:17,2
DA:18,2
DA:19,2
LF:4
LH:4
BRDA:16,0,0,2
BRDA:16,0,1,2
BRF:2
BRH:2
end_of_record
TN:
SF:src/defaultConfiguration.ts
FNF:0
FNH:0
DA:1,2
DA:4,2
LF:2
LH:2
BRF:0
BRH:0
end_of_record
TN:
SF:src/index.ts
FNF:0
FNH:0
DA:1,2
DA:2,2
DA:3,2
DA:4,2
LF:4
LH:4
BRF:0
BRH:0
end_of_record
TN:
SF:src/api/baseApi.ts
FN:6,(anonymous_0)
FNF:1
FNH:1
FNDA:4,(anonymous_0)
DA:3,2
DA:7,4
LF:2
LH:2
BRF:0
BRH:0
end_of_record
TN:
SF:src/api/imageApi.ts
FN:19,(anonymous_0)
FN:32,(anonymous_1)
FNF:2
FNH:2
FNDA:3,(anonymous_0)
FNDA:1,(anonymous_1)
DA:1,2
DA:4,2
DA:6,2
DA:8,2
DA:14,2
DA:20,3
DA:21,3
DA:23,0
DA:29,0
DA:33,1
DA:34,1
DA:36,0
DA:42,0
LF:13
LH:9
BRDA:20,0,0,3
BRDA:33,1,0,1
BRF:2
BRH:2
end_of_record
TN:
SF:src/api/userApi.ts
FN:14,(anonymous_0)
FN:16,(anonymous_1)
FN:36,(anonymous_2)
FN:40,(anonymous_3)
FN:44,(anonymous_4)
FNF:5
FNH:5
FNDA:3,(anonymous_0)
FNDA:3,(anonymous_1)
FNDA:1,(anonymous_2)
FNDA:1,(anonymous_3)
FNDA:1,(anonymous_4)
DA:1,2
DA:3,2
DA:5,2
DA:7,2
DA:15,3
DA:16,3
DA:17,3
DA:19,1
DA:21,1
DA:24,1
DA:29,3
DA:31,0
DA:33,0
DA:37,1
DA:41,1
DA:45,1
LF:16
LH:14
BRDA:15,0,0,3
BRDA:17,1,0,1
BRDA:17,1,1,1
BRDA:17,1,2,1
BRDA:17,1,3,1
BRF:5
BRH:5
end_of_record
TN:
SF:test/testClient.ts
FN:9,(anonymous_0)
FNF:1
FNH:1
FNDA:2,(anonymous_0)
DA:1,2
DA:3,2
DA:9,2
DA:10,2
DA:11,2
DA:13,2
LF:6
LH:6
BRDA:10,0,0,2
BRDA:10,0,1,2
BRDA:11,1,0,2
BRDA:11,1,1,2
BRF:4
BRH:4
end_of_record
